========== Ioncube_Decoder 1.0.23  LogFile ==========

=========> S t a g e  0  -  Getting RawData (UnBase64-Raw.bin)

Opening E:\intel2400\Programmierung\Projekte\Ioncube_Decoder\IoncubeDecoder_VB6_version\php5-samples\PHP5-2_SrvRestrictionsItems\2_SrvRestrictionsItems-f948cb26.php
00000362 -> Start of ionCubeData...
00001023 -> 00000CC1 Bytes read.
IC_Base64_Marker: '4+oV' Decoding Base64->Bin...

=========> S t a g e  1  -  Validating RawData

ionCubeVersionType: 3CCC22E1 [Encrypted: 149FEC13]
ioncube_Version_Type 3

=========> S t a g e  2  -  Processing RawData

FileSizeKey: 2395B00C (RawBinData_Size + 12321) Xor &H23958CDE
RawBinData_Size: 00000CB1
Header_Size: 0000010E (InitKey for MT: 45A4AE5D)
Adler32(CRC) of ICDataPart+4..ICDataPart.EOS: 00758ED5

=========> S t a g e  3  -  Extracting Header from RawData (->IC_Header.bin)


=========> S t a g e  4  -  Interpreting IC_Header

Minimum Loader Version: 00.00.00 (for ex. ioncube_loader_win_4.3.dll requires >0301010)
VerData 0x00000003
ObfuFlags 00000000 00000000

ObfuFuncHashSeed: 
Bytecode_XorKey: 018201FD
IncludeXorKey: E9FC23B1
EnableLicFile: 0
CustomErrCallbackHandler: 'ioncube_event_handler'
Enable_auto_prepend_Append_file: 0
Customised error messages entries: 0x00
Include file protection entries: 0x01
 #1[s11]: ''re23244ud@4' Handler: 'include_key_property'
Server restrictions entries: 0x01
 #1 IncludeRestriction  [s11]: ''re23244ud@4' Handler: 'include_key_property'
Server restrictions entries: 0x01
 #1 Domains: albpay.com  | 
Bytecode_MT_XorKey: 003724C1 ( ((((Bytecode_MT_InitKey * 0x92492493)>>32) + Bytecode_MT_InitKey) >> 2) - 13 * SrvRestrictionsItems
IC_HeaderEx start: 00D6
IC_HeaderEx end: 00FE   IC_Header HeaderSize: 010E

=========> S t a g e  5  -  Interpreting IC_HeaderEx

0001 <-IC_Type_Minor
0005 <-IC_Type_Major
The file [%s] was encoded with the PHP 5 ionCube Encoder, and requires PHP 5 to be installed.
00000CE7 <-PhpFlags
  0x0001  0001
  0x0002  0002 
  0x0004  0004 
  0x0020  Allow run with untrusted server extensions
  0x0040  PHP5_Body
  0x0080  CmdBytesAreEncrypted
  0x0400  EncryptStrings[KeyWord.c_Object] in memory during Compile& Execute
  0x0800  ObfuscateStripLineNumbers

IC Encoder Registration data: 0x0D050603  20883
Copy of IncludeXorKey in Chunk_MoreData: 0xE9FC23B1
unknown Data: 00000000 D0D41600 FCCC 00 00
EvalTimeMin: 0D594D88+[0500DA46]->C-TimeStamp: 4A61F08F ->~Year: 2009
EvalTimeMax: 474169BA+[3D08A307]->C-TimeStamp: 4C424400 ->~Year: 2010
BodyStartOffset: 0x00000138

=========> S t a g e  6  -  Extracting & Inflating IC_body from RawData (->IC_body.bin)

0000013C  Body_MT_Seed: 8EE4FDE9
00000140  Bytecode_MT_Seed: 3B82B617

=========> S t a g e  7  -  Reading IC_body.bin


=========> S t a g e  8  -  Read function body data

Reading Body
00000008 -> 00000004
S2[Fixed Size 0x70]:
0000007A ->  25393602
 Skipped3 ->  00000000
 FuncNameStart ->  00000000 25453225
 CmdData ->  00000000
 Args ->  00000000
 ArgsMin ->  00000000
 php4Extra ->  01F1F018 39320033 01D0D9D0 01EF81E0 0000007B 0000007B
 Skipped1 ->  00000078 00000000 00000000
 PHPFileNamePtr ->  FFFFFFFF
 Php5-O1  00000000
 Php5-O1Count  00000000 00000000 00000000 00000000 37250000 01F00100 25453625 32253437 00000000 00000000
 
00000079 -> FunctionName: protected static function {MainFunction}
 
00000082 -> 0000007B<-CmdCount
byteCmds[Elementsize=0x2] Elements: 0000007B
Command
-------
07B6
07D6
031B
07F2
07A8
07D8
07A2
0719
0353
07BC
074A
0722
07C9
076E
079F
07EB
07C7
0786
0735
07F2
07F2
07E6
07A0
0776
0798
073B
0707
07D1
0742
0736
039E
077A
07E5
078C
0735
07D3
038D
077D
074D
07E6
07BF
0737
0315
0790
0708
079F
0729
07A1
0302
0702
0781
077E
079C
0781
03DE
0752
0709
074D
07D4
0779
0300
0725
07ED
07BC
0775
07D4
07D8
0349
0724
07B5
07DB
0703
0783
0310
0747
0761
077E
07F5
07D2
03A2
0715
0708
0725
0787
0718
03A8
0751
07AF
0754
07B5
07F9
071E
0371
074D
0752
078C
078F
072F
078A
03BF
070C
07AC
0762
07FB
076C
0778
0776
0783
0709
07BF
0729
0748
0764
07AB
0736
0766
073E
0774
078C
046A
01B9
02E8
0095
CmdParams[Elementsize=0x14] Elements: 0000015A
Type      Op1       Op2       Flags5    Flags
---------------------------------------------
00000004   00000000   00000001   00000000   00000000
00000001   00000002   0000000E   00000002   00000103
00000008   00000002   00000000   00000000   00000000
00000004   00000018   00000001   00000000   00000000
00000001   00000012   0000000E   00000002   00000103
00000008   00000002   00000000   00000000   00000000
00000004   00000030   00000000   00000000   00000000
00000001   FFFFFFF6   00000007   00000002   00000103
00000004   00000048   00000000   00000000   00000000
00000004   00000030   00000000   00000000   00000000
00000001   00000022   0000000D   00000002   00000103
00000004   00000060   00000000   00000000   00000000
00000001   00000030   00000008   00000002   00000103
00000008   00000000   00000001   00000000   00000000
00000002   00000078   00000000   00000000   00000000
00000004   00000048   00000010   00000000   00000000
00000004   00000060   00000010   00000000   00000000
00000002   00000090   00000000   00000000   00000000
00000002   00000078   00000000   00000000   00000000
00000001   0000003A   00000014   00000002   00000103
00000004   000000A8   00000001   00000000   00000000
00000002   00000090   00000000   00000000   00000000
00000008   00000010   00000000   00000000   00000000
00000004   000000C0   00000000   00000000   00000000
00000001   FFFFFFF6   00000007   00000002   00000103
00000004   000000D8   00000000   00000000   00000000
00000004   000000C0   00000000   00000000   00000000
00000001   00000050   0000000D   00000002   00000103
00000004   000000F0   00000000   00000000   00000000
00000001   0000005E   00000008   00000002   00000103
00000008   00000000   00000001   00000000   00000000
00000002   00000108   00000000   00000000   00000000
00000004   000000D8   00000010   00000000   00000000
00000004   000000F0   00000010   00000000   00000000
00000002   00000120   00000000   00000000   00000000
00000002   00000108   00000000   00000000   00000000
00000001   00000068   00000035   00000002   00000103
00000004   00000138   00000001   00000000   00000000
00000002   00000120   00000000   00000000   00000000
00000008   00000010   00000000   00000000   00000000
00000004   00000150   00000001   00000000   00000000
00000001   0000009E   0000000E   00000002   00000103
00000008   00000002   00000000   00000000   00000000
00000004   00000168   00000001   00000000   00000000
00000001   000000AE   0000000E   00000002   00000103
00000008   00000002   00000000   00000000   00000000
00000004   00000180   00000001   00000000   00000000
00000001   000000BE   0000000E   00000002   00000103
00000008   00000002   00000000   00000000   00000000
00000004   00000198   00000001   00000000   00000000
00000001   000000CE   00000016   00000002   00000103
00000008   00000002   00000000   00000000   00000000
00000004   000001B0   00000001   00000000   00000000
00000001   000000E6   00000017   00000002   00000103
00000008   00000010   00000000   00000000   00000000
00000004   000001C8   00000001   00000000   00000000
00000001   000000FE   0000001D   00000002   00000103
00000008   00000010   00000000   00000000   00000000
00000004   000001E0   00000001   00000000   00000000
00000001   0000011C   00000017   00000002   00000103
00000008   00000002   00000000   00000000   00000000
00000004   000001F8   00000001   00000000   00000000
00000001   00000134   00000017   00000002   00000103
00000008   00000002   00000000   00000000   00000000
00000004   00000210   00000001   00000000   00000000
00000001   0000014C   00000017   00000002   00000103
00000008   00000002   00000000   00000000   00000000
00000004   00000228   00000001   00000000   00000000
00000001   00000164   00000014   00000002   00000103
00000008   00000002   00000000   00000000   00000000
00000004   00000240   00000001   00000000   00000000
00000001   0000017A   00000015   00000002   00000103
00000008   00000002   00000000   00000000   00000000
00000004   00000258   00000001   00000000   00000000
00000001   00000190   0000001B   00000002   00000103
00000008   00000002   00000000   00000000   00000000
00000004   00000288   00000000   00000000   00000000
00000001   000001AC   00000004   00000002   00000103
00000008   00000000   00000001   00000000   00000000
00000004   000002A0   00000000   00000000   00000000
00000004   00000288   00000000   00000000   00000000
00000001   000001B2   00000006   00000002   00000103
00000004   00000270   00000000   00000000   00000000
00000001   000001BA   00000008   00000002   00000103
00000008   00000000   00000001   00000000   00000000
00000004   000002B8   00000001   00000000   00000000
00000004   00000270   00000010   00000000   00000000
00000004   000002A0   00000010   00000000   00000000
00000004   000002D0   00000000   00000000   00000000
00000001   FFFFFFF6   00000007   00000002   00000103
00000004   000002E8   00000000   00000000   00000000
00000004   000002D0   00000000   00000000   00000000
00000001   000001C4   0000000D   00000002   00000103
00000004   00000300   00000000   00000000   00000000
00000001   000001D2   00000008   00000002   00000103
00000008   00000000   00000001   00000000   00000000
00000002   00000318   00000000   00000000   00000000
00000004   000002E8   00000010   00000000   00000000
00000004   00000300   00000010   00000000   00000000
00000002   00000330   00000000   00000000   00000000
00000002   00000318   00000000   00000000   00000000
00000001   000001DC   00000019   00000002   00000103
00000004   00000348   00000001   00000000   00000000
00000002   00000330   00000000   00000000   00000000
00000008   00000010   00000000   00000000   00000000
00000004   00000360   00000000   00000000   00000000
00000001   FFFFFFF6   00000007   00000002   00000103
00000004   00000378   00000000   00000000   00000000
00000004   00000360   00000000   00000000   00000000
00000001   000001F6   0000000D   00000002   00000103
00000004   00000390   00000000   00000000   00000000
00000001   00000204   00000008   00000002   00000103
00000008   00000000   00000001   00000000   00000000
00000002   000003A8   00000000   00000000   00000000
00000004   00000378   00000010   00000000   00000000
00000004   00000390   00000010   00000000   00000000
00000002   000003C0   00000000   00000000   00000000
00000002   000003A8   00000000   00000000   00000000
00000001   0000020E   00000016   00000002   00000103
00000004   000003D8   00000001   00000000   00000000
00000002   000003C0   00000000   00000000   00000000
00000008   00000010   00000000   00000000   00000000
00000004   000003F0   00000000   00000000   00000000
00000001   FFFFFFF6   00000007   00000002   00000103
00000004   00000408   00000000   00000000   00000000
00000004   000003F0   00000000   00000000   00000000
00000001   00000226   0000000D   00000002   00000103
00000004   00000420   00000000   00000000   00000000
00000001   00000234   00000008   00000002   00000103
00000008   00000000   00000001   00000000   00000000
00000002   00000438   00000000   00000000   00000000
00000004   00000408   00000010   00000000   00000000
00000004   00000420   00000010   00000000   00000000
00000002   00000450   00000000   00000000   00000000
00000002   00000438   00000000   00000000   00000000
00000001   0000023E   0000001D   00000002   00000103
00000004   00000468   00000001   00000000   00000000
00000002   00000450   00000000   00000000   00000000
00000008   00000010   00000000   00000000   00000000
00000004   00000480   00000000   00000000   00000000
00000001   FFFFFFF6   00000007   00000002   00000103
00000004   00000498   00000000   00000000   00000000
00000004   00000480   00000000   00000000   00000000
00000001   0000025C   0000000D   00000002   00000103
00000004   000004B0   00000000   00000000   00000000
00000001   0000026A   00000008   00000002   00000103
00000008   00000000   00000001   00000000   00000000
00000002   000004C8   00000000   00000000   00000000
00000004   00000498   00000010   00000000   00000000
00000004   000004B0   00000010   00000000   00000000
00000002   000004E0   00000000   00000000   00000000
00000002   000004C8   00000000   00000000   00000000
00000001   00000274   00000017   00000002   00000103
00000004   000004F8   00000001   00000000   00000000
00000002   000004E0   00000000   00000000   00000000
00000008   00000010   00000000   00000000   00000000
00000004   00000510   00000000   00000000   00000000
00000001   FFFFFFF6   00000007   00000002   00000103
00000004   00000528   00000000   00000000   00000000
00000004   00000510   00000000   00000000   00000000
00000001   0000028C   0000000D   00000002   00000103
00000004   00000540   00000000   00000000   00000000
00000001   0000029A   00000008   00000002   00000103
00000008   00000000   00000001   00000000   00000000
00000002   00000558   00000000   00000000   00000000
00000004   00000528   00000010   00000000   00000000
00000004   00000540   00000010   00000000   00000000
00000002   00000570   00000000   00000000   00000000
00000002   00000558   00000000   00000000   00000000
00000001   000002A4   00000021   00000002   00000103
00000004   00000588   00000001   00000000   00000000
00000002   00000570   00000000   00000000   00000000
00000008   00000010   00000000   00000000   00000000
00000004   000005A0   00000000   00000000   00000000
00000001   FFFFFFF6   00000007   00000002   00000103
00000004   000005B8   00000000   00000000   00000000
00000004   000005A0   00000000   00000000   00000000
00000001   000002C6   0000000D   00000002   00000103
00000004   000005D0   00000000   00000000   00000000
00000001   000002D4   00000008   00000002   00000103
00000008   00000000   00000001   00000000   00000000
00000002   000005E8   00000000   00000000   00000000
00000004   000005B8   00000010   00000000   00000000
00000004   000005D0   00000010   00000000   00000000
00000002   00000600   00000000   00000000   00000000
00000002   000005E8   00000000   00000000   00000000
00000001   000002DE   0000000A   00000002   00000103
00000004   00000618   00000001   00000000   00000000
00000002   00000600   00000000   00000000   00000000
00000008   00000010   00000000   00000000   00000000
00000004   00000630   00000001   00000000   00000000
00000001   000002EA   00000019   00000002   00000103
00000008   00000010   00000000   00000000   00000000
00000004   00000648   00000000   00000000   00000000
00000001   FFFFFFF6   00000007   00000002   00000103
00000004   00000660   00000000   00000000   00000000
00000004   00000648   00000000   00000000   00000000
00000001   00000304   0000000D   00000002   00000103
00000004   00000678   00000000   00000000   00000000
00000001   00000312   00000008   00000002   00000103
00000008   00000000   00000001   00000000   00000000
00000002   00000690   00000000   00000000   00000000
00000004   00000660   00000010   00000000   00000000
00000004   00000678   00000010   00000000   00000000
00000002   000006A8   00000000   00000000   00000000
00000002   00000690   00000000   00000000   00000000
00000001   0000031C   0000001C   00000002   00000103
00000004   000006C0   00000001   00000000   00000000
00000002   000006A8   00000000   00000000   00000000
00000008   00000010   00000000   00000000   00000000
00000004   000006D8   00000000   00000000   00000000
00000001   FFFFFFF6   00000007   00000002   00000103
00000004   000006F0   00000000   00000000   00000000
00000004   000006D8   00000000   00000000   00000000
00000001   0000033A   0000000D   00000002   00000103
00000004   00000708   00000000   00000000   00000000
00000001   00000348   00000008   00000002   00000103
00000008   00000000   00000001   00000000   00000000
00000002   00000720   00000000   00000000   00000000
00000004   000006F0   00000010   00000000   00000000
00000004   00000708   00000010   00000000   00000000
00000002   00000738   00000000   00000000   00000000
00000002   00000720   00000000   00000000   00000000
00000001   00000352   00000022   00000002   00000103
00000004   00000750   00000001   00000000   00000000
00000002   00000738   00000000   00000000   00000000
00000008   00000010   00000000   00000000   00000000
00000004   00000768   00000000   00000000   00000000
00000001   FFFFFFF6   00000007   00000002   00000103
00000004   00000780   00000000   00000000   00000000
00000004   00000768   00000000   00000000   00000000
00000001   00000376   0000000D   00000002   00000103
00000004   00000798   00000000   00000000   00000000
00000001   00000384   00000008   00000002   00000103
00000008   00000000   00000001   00000000   00000000
00000002   000007B0   00000000   00000000   00000000
00000004   00000780   00000010   00000000   00000000
00000004   00000798   00000010   00000000   00000000
00000002   000007C8   00000000   00000000   00000000
00000002   000007B0   00000000   00000000   00000000
00000001   0000038E   00000024   00000002   00000103
00000004   000007E0   00000001   00000000   00000000
00000002   000007C8   00000000   00000000   00000000
00000008   00000010   00000000   00000000   00000000
00000004   000007F8   00000000   00000000   00000000
00000001   FFFFFFF6   00000007   00000002   00000103
00000004   00000810   00000000   00000000   00000000
00000004   000007F8   00000000   00000000   00000000
00000001   000003B4   0000000D   00000002   00000103
00000004   00000828   00000000   00000000   00000000
00000001   000003C2   00000008   00000002   00000103
00000008   00000000   00000001   00000000   00000000
00000002   00000840   00000000   00000000   00000000
00000004   00000810   00000010   00000000   00000000
00000004   00000828   00000010   00000000   00000000
00000002   00000858   00000000   00000000   00000000
00000002   00000840   00000000   00000000   00000000
00000001   000003CC   0000001B   00000002   00000103
00000004   00000870   00000001   00000000   00000000
00000002   00000858   00000000   00000000   00000000
00000008   00000010   00000000   00000000   00000000
00000004   00000888   00000001   00000000   00000000
00000001   000003E8   00000022   00000002   00000103
00000008   00000010   00000000   00000000   00000000
00000004   000008A0   00000000   00000000   00000000
00000001   FFFFFFF6   00000007   00000002   00000103
00000004   000008B8   00000000   00000000   00000000
00000004   000008A0   00000000   00000000   00000000
00000001   0000040C   0000000D   00000002   00000103
00000004   000008D0   00000000   00000000   00000000
00000001   0000041A   00000008   00000002   00000103
00000008   00000000   00000001   00000000   00000000
00000002   000008E8   00000000   00000000   00000000
00000004   000008B8   00000010   00000000   00000000
00000004   000008D0   00000010   00000000   00000000
00000002   00000900   00000000   00000000   00000000
00000002   000008E8   00000000   00000000   00000000
00000001   00000424   00000033   00000002   00000103
00000004   00000918   00000001   00000000   00000000
00000002   00000900   00000000   00000000   00000000
00000008   00000010   00000000   00000000   00000000
00000004   00000930   00000001   00000000   00000000
00000001   00000458   00000011   00000002   00000103
00000008   00000010   00000000   00000000   00000000
00000004   00000948   00000000   00000000   00000000
00000001   FFFFFFF6   00000007   00000002   00000103
00000004   00000960   00000000   00000000   00000000
00000004   00000948   00000000   00000000   00000000
00000001   0000046A   0000000D   00000002   00000103
00000004   00000978   00000000   00000000   00000000
00000001   00000478   00000004   00000002   00000103
00000008   00000000   00000001   00000000   00000000
00000004   00000990   00000000   00000000   00000000
00000004   00000978   00000000   00000000   00000000
00000001   0000047E   00000006   00000002   00000103
00000002   000009A8   00000000   00000000   00000000
00000004   00000960   00000010   00000000   00000000
00000004   00000990   00000010   00000000   00000000
00000002   000009C0   00000000   00000000   00000000
00000002   000009A8   00000000   00000000   00000000
00000001   00000486   00000001   00000002   00000103
00000002   000009D8   00000000   00000000   00000000
00000002   000009C0   00000000   00000000   00000000
00000001   00000488   0000000C   00000002   00000103
00000002   000009F0   00000000   00000000   00000000
00000002   000009D8   00000000   00000000   00000000
00000001   00000496   0000001D   00000002   00000103
00000004   00000A08   00000001   00000000   00000000
00000002   000009F0   00000000   00000000   00000000
00000008   00000010   00000000   00000000   00000000
00000004   00000A20   00000001   00000000   00000000
00000001   000004B4   0000000C   00000002   00000103
00000008   00000002   00000000   00000000   00000000
00000004   00000A38   00000001   00000000   00000000
00000001   000004C2   0000000E   00000002   00000103
00000008   00000002   00000000   00000000   00000000
00000004   00000A50   00000001   00000000   00000000
00000001   000004D2   0000000E   00000002   00000103
00000008   00000002   00000000   00000000   00000000
00000004   00000A68   00000001   00000000   00000000
00000001   000004E2   0000000E   00000002   00000103
00000008   00000002   00000000   00000000   00000000
00000004   00000A80   00000001   00000000   00000000
00000001   000004F2   0000000E   00000002   00000103
00000008   00000002   00000000   00000000   00000000
00000004   00000A98   00000001   00000000   00000000
00000001   00000502   0000000E   00000002   00000103
00000008   00000002   00000000   00000000   00000000
00000004   00000AB0   00000001   00000000   00000000
00000001   00000512   0000000E   00000002   00000103
00000008   00000002   00000000   00000000   00000000
00000004   00000AC8   00000001   00000000   00000000
00000001   00000522   00000015   00000002   00000103
00000008   00000010   00000000   00000000   00000000
00000004   00000AE0   00000001   00000000   00000000
00000001   00000538   0000000E   00000002   00000103
00000008   00000002   00000000   00000000   00000000
00000004   00000AF8   00000001   00000000   00000000
00000001   00000548   0000000E   00000002   00000103
00000008   00000002   00000000   00000000   00000000
00000004   00000B10   00000001   00000000   00000000
00000001   00000558   0000000E   00000002   00000103
00000008   00000002   00000000   00000000   00000000
00000001   00000568   0000000B   00000002   00000103
00000004   00000B28   00000001   00000000   00000000
00000001   00000001   00000038   00000002   00120101
StringData [00000574]
00002200 -> C0 DE 63 6F 6E 66 69 67 5F 68 6F 73 74 2E 6E 78 00 00 63 6F 6E 66 69 67 5F 73 69 74 65 2E 6E 78 00 00 44 4F 43 55 4D 45 4E 54 5F 52 4F 4F 54 00 64 69 72 5F 6E 61 6D 65 00 00 2F 63 6F 6E 73 74 61 6E 74 73 2F 63 6F 6E 73 74 73 2E 6E 78 00 00 44 4F 43 55 4D 45 4E 54 5F 52 4F 4F 54 00 64 69 72 5F 6E 61 6D 65 00 00 2F 63 6F 6E 73 74 61 6E 74 73 2F 63 6F 6D 6D 6F 6E 5F 63 6F 72 65 5F 74 72 61 6E 73 61 63 74 69 6F 6E 73 5F 61 64 64 69 63 74 69 6F 6E 73 5F 64 79 2E 70 68 70 00 63 6F 6D 6D 6F 6E 5F 63 6F 64 65 2E 6E 78 00 00 63 6F 6D 6D 6F 6E 5F 63 6F 6E 66 2E 6E 78 00 00 63 6F 6D 6D 6F 6E 5F 62 6E 75 6D 2E 6E 78 00 00 63 6F 6D 6D 6F 6E 5F 63 6F 72 65 5F 63 6F 6E 66 69 72 6D 2E 6E 78 00 00 63 6F 6D 6D 6F 6E 5F 63 6F 72 65 5F 6D 65 6D 62 65 72 73 2E 70 68 70 00 63 6F 6D 6D 6F 6E 5F 63 6F 72 65 5F 6D 65 6D 62 65 72 73 5F 74 68 6F 6D 61 73 2E 6E 78 00 63 6F 6D 6D 6F 6E 5F 63 6F 72 65 5F 70 72 6F 64 75 63 74 73 2E 6E 78 00 63 6F 6D 6D 6F 6E 5F 63 6F 72 65 5F 73 68 6F 70 63 61 72 74 2E 6E 78 00 63 6F 6D 6D 6F 6
ÀÞconfig_host.nx..config_site.nx..DOCUMENT_ROOT.dir_name../constants/consts.nx..DOCUMENT_ROOT.dir_name../constants/common_core_transactions_addictions_dy.php.common_code.nx..common_conf.nx..common_bnum.nx..common_core_confirm.nx..common_core_members.php.common_core_members_thomas.nx.common_core_products.nx.common_core_shopcart.nx.common_core_shopcats.nx.common_core_shop.php..common_core_rates.php.common_core_transactions.nx.data..Folder..dir_name..DOCUMENT_ROOT.dir_name../functions/send_money.php.DOCUMENT_ROOT.dir_name../functions/ip_lock.php..DOCUMENT_ROOT.dir_name../functions/security_token.php.DOCUMENT_ROOT.dir_name../functions/redirect.php.DOCUMENT_ROOT.dir_name../functions/subscriptions_func.php.DOCUMENT_ROOT.dir_name../chmod.php..common_core_affiliates.nx.DOCUMENT_ROOT.dir_name../functions/get_referrals.php..DOCUMENT_ROOT.dir_name../functions/select_sponsor_hash.php..DOCUMENT_ROOT.dir_name../functions/aes_encrypt_functions.php..DOCUMENT_ROOT.dir_name../classes/crypt/cr_class.php.common_core_transactions
Length of unprocessed data: 00000325

=========> S t a g e  9  -  Interpreting IC_body/ByteCode

#0000: 0x49 ZEND_INCLUDE_OR_EVAL   LineNo: 0x0000  Flags: 0x07()
result: 04->VAR     00000000 00000001  00  00->NULL   00->val 0000
op1   : 01->CONST   00000002 0000000E  02  03->STRING 01->ref 0000
        KeyWord: config_host.nx
op2   : 08->UNUSED  00000002 00000000  00  00->NULL   00->val 0000
______________________________________________________________________
#0001: 0x49 ZEND_INCLUDE_OR_EVAL   LineNo: 0x0000  Flags: 0x07()
result: 04->VAR     00000018 00000001  00  00->NULL   00->val 0000
op1   : 01->CONST   00000012 0000000E  02  03->STRING 01->ref 0000
        KeyWord: config_site.nx
op2   : 08->UNUSED  00000002 00000000  00  00->NULL   00->val 0000
______________________________________________________________________
#0002: 0x50 ZEND_FETCH_R   LineNo: 0x0000  Flags: 0x03()
result: 04->VAR     00000030 00000000  00  00->NULL   00->val 0000
op1   : 01->CONST   FFFFFFF6 00000007  02  03->STRING 01->ref 0000
        KeyWord: _SERVER
----------------------------------------------------------------
[1] '$_SERVER
______________________________________________________________________
#0003: 0x51 ZEND_FETCH_DIM_R   LineNo: 0x0000  Flags: 0x07()
result: 04->VAR     00000048 00000000  00  00->NULL   00->val 0000
op1   : 04->VAR     00000030 00000000  00  00->NULL   00->val 0000
op2   : 01->CONST   00000022 0000000D  02  03->STRING 01->ref 0000
        KeyWord: DOCUMENT_ROOT
----------------------------------------------------------------
[1] '$_SERVER
______________________________________________________________________
#0004: 0x50 ZEND_FETCH_R   LineNo: 0x0000  Flags: 0x07()
result: 04->VAR     00000060 00000000  00  00->NULL   00->val 0000
op1   : 01->CONST   00000030 00000008  02  03->STRING 01->ref 0000
        KeyWord: dir_name
op2   : 08->UNUSED  00000000 00000001  00  00->NULL   00->val 0000
----------------------------------------------------------------
[1] '$_SERVER
[2] '$dir_name
______________________________________________________________________
#0005: 0x08 ZEND_CONCAT   LineNo: 0x0000  Flags: 0x07()
result: 02->TMP_VAR 00000078 00000000  00  00->NULL   00->val 0000
op1   : 04->VAR     00000048 00000010  00  00->NULL   00->val 0000
op2   : 04->VAR     00000060 00000010  00  00->NULL   00->val 0000
----------------------------------------------------------------
[1] '$_SERVER
[2] '$dir_name
______________________________________________________________________
#0006: 0x08 ZEND_CONCAT   LineNo: 0x0000  Flags: 0x07()
result: 02->TMP_VAR 00000090 00000000  00  00->NULL   00->val 0000
op1   : 02->TMP_VAR 00000078 00000000  00  00->NULL   00->val 0000
op2   : 01->CONST   0000003A 00000014  02  03->STRING 01->ref 0000
        KeyWord: /constants/consts.nx
----------------------------------------------------------------
[1] '$_SERVER
[2] '$dir_name
______________________________________________________________________
#0007: 0x49 ZEND_INCLUDE_OR_EVAL   LineNo: 0x0000  Flags: 0x07()
result: 04->VAR     000000A8 00000001  00  00->NULL   00->val 0000
op1   : 02->TMP_VAR 00000090 00000000  00  00->NULL   00->val 0000
op2   : 08->UNUSED  00000010 00000000  00  00->NULL   00->val 0000
----------------------------------------------------------------
[1] '$_SERVER
[2] '$dir_name
Correcting Stack error...
====================================================================
$dir_name$_SERVER;
______________________________________________________________________
#0008: 0x50 ZEND_FETCH_R   LineNo: 0x0000  Flags: 0x03()
result: 04->VAR     000000C0 00000000  00  00->NULL   00->val 0000
op1   : 01->CONST   FFFFFFF6 00000007  02  03->STRING 01->ref 0000
        KeyWord: _SERVER
----------------------------------------------------------------
[1] '$_SERVER
______________________________________________________________________
#0009: 0x51 ZEND_FETCH_DIM_R   LineNo: 0x0000  Flags: 0x07()
result: 04->VAR     000000D8 00000000  00  00->NULL   00->val 0000
op1   : 04->VAR     000000C0 00000000  00  00->NULL   00->val 0000
op2   : 01->CONST   00000050 0000000D  02  03->STRING 01->ref 0000
        KeyWord: DOCUMENT_ROOT
----------------------------------------------------------------
[1] '$_SERVER
______________________________________________________________________
#000A: 0x50 ZEND_FETCH_R   LineNo: 0x0000  Flags: 0x07()
result: 04->VAR     000000F0 00000000  00  00->NULL   00->val 0000
op1   : 01->CONST   0000005E 00000008  02  03->STRING 01->ref 0000
        KeyWord: dir_name
op2   : 08->UNUSED  00000000 00000001  00  00->NULL   00->val 0000
----------------------------------------------------------------
[1] '$_SERVER
[2] '$dir_name
______________________________________________________________________
#000B: 0x08 ZEND_CONCAT   LineNo: 0x0000  Flags: 0x07()
result: 02->TMP_VAR 00000108 00000000  00  00->NULL   00->val 0000
op1   : 04->VAR     000000D8 00000010  00  00->NULL   00->val 0000
op2   : 04->VAR     000000F0 00000010  00  00->NULL   00->val 0000
----------------------------------------------------------------
[1] '$_SERVER
[2] '$dir_name
______________________________________________________________________
#000C: 0x08 ZEND_CONCAT   LineNo: 0x0000  Flags: 0x07()
result: 02->TMP_VAR 00000120 00000000  00  00->NULL   00->val 0000
op1   : 02->TMP_VAR 00000108 00000000  00  00->NULL   00->val 0000
op2   : 01->CONST   00000068 00000035  02  03->STRING 01->ref 0000
        KeyWord: /constants/common_core_transactions_addictions_dy.php
----------------------------------------------------------------
[1] '$_SERVER
[2] '$dir_name
______________________________________________________________________
#000D: 0x49 ZEND_INCLUDE_OR_EVAL   LineNo: 0x0000  Flags: 0x07()
result: 04->VAR     00000138 00000001  00  00->NULL   00->val 0000
op1   : 02->TMP_VAR 00000120 00000000  00  00->NULL   00->val 0000
op2   : 08->UNUSED  00000010 00000000  00  00->NULL   00->val 0000
----------------------------------------------------------------
[1] '$_SERVER
[2] '$dir_name
Correcting Stack error...
====================================================================
$dir_name$_SERVER;
______________________________________________________________________
#000E: 0x49 ZEND_INCLUDE_OR_EVAL   LineNo: 0x0000  Flags: 0x07()
result: 04->VAR     00000150 00000001  00  00->NULL   00->val 0000
op1   : 01->CONST   0000009E 0000000E  02  03->STRING 01->ref 0000
        KeyWord: common_code.nx
op2   : 08->UNUSED  00000002 00000000  00  00->NULL   00->val 0000
______________________________________________________________________
#000F: 0x49 ZEND_INCLUDE_OR_EVAL   LineNo: 0x0000  Flags: 0x07()
result: 04->VAR     00000168 00000001  00  00->NULL   00->val 0000
op1   : 01->CONST   000000AE 0000000E  02  03->STRING 01->ref 0000
        KeyWord: common_conf.nx
op2   : 08->UNUSED  00000002 00000000  00  00->NULL   00->val 0000
______________________________________________________________________
#0010: 0x49 ZEND_INCLUDE_OR_EVAL   LineNo: 0x0000  Flags: 0x07()
result: 04->VAR     00000180 00000001  00  00->NULL   00->val 0000
op1   : 01->CONST   000000BE 0000000E  02  03->STRING 01->ref 0000
        KeyWord: common_bnum.nx
op2   : 08->UNUSED  00000002 00000000  00  00->NULL   00->val 0000
______________________________________________________________________
#0011: 0x49 ZEND_INCLUDE_OR_EVAL   LineNo: 0x0000  Flags: 0x07()
result: 04->VAR     00000198 00000001  00  00->NULL   00->val 0000
op1   : 01->CONST   000000CE 00000016  02  03->STRING 01->ref 0000
        KeyWord: common_core_confirm.nx
op2   : 08->UNUSED  00000002 00000000  00  00->NULL   00->val 0000
______________________________________________________________________
#0012: 0x49 ZEND_INCLUDE_OR_EVAL   LineNo: 0x0000  Flags: 0x07()
result: 04->VAR     000001B0 00000001  00  00->NULL   00->val 0000
op1   : 01->CONST   000000E6 00000017  02  03->STRING 01->ref 0000
        KeyWord: common_core_members.php
op2   : 08->UNUSED  00000010 00000000  00  00->NULL   00->val 0000
______________________________________________________________________
#0013: 0x49 ZEND_INCLUDE_OR_EVAL   LineNo: 0x0000  Flags: 0x07()
result: 04->VAR     000001C8 00000001  00  00->NULL   00->val 0000
op1   : 01->CONST   000000FE 0000001D  02  03->STRING 01->ref 0000
        KeyWord: common_core_members_thomas.nx
op2   : 08->UNUSED  00000010 00000000  00  00->NULL   00->val 0000
______________________________________________________________________
#0014: 0x49 ZEND_INCLUDE_OR_EVAL   LineNo: 0x0000  Flags: 0x07()
result: 04->VAR     000001E0 00000001  00  00->NULL   00->val 0000
op1   : 01->CONST   0000011C 00000017  02  03->STRING 01->ref 0000
        KeyWord: common_core_products.nx
op2   : 08->UNUSED  00000002 00000000  00  00->NULL   00->val 0000
______________________________________________________________________
#0015: 0x49 ZEND_INCLUDE_OR_EVAL   LineNo: 0x0000  Flags: 0x07()
result: 04->VAR     000001F8 00000001  00  00->NULL   00->val 0000
op1   : 01->CONST   00000134 00000017  02  03->STRING 01->ref 0000
        KeyWord: common_core_shopcart.nx
op2   : 08->UNUSED  00000002 00000000  00  00->NULL   00->val 0000
______________________________________________________________________
#0016: 0x49 ZEND_INCLUDE_OR_EVAL   LineNo: 0x0000  Flags: 0x07()
result: 04->VAR     00000210 00000001  00  00->NULL   00->val 0000
op1   : 01->CONST   0000014C 00000017  02  03->STRING 01->ref 0000
        KeyWord: common_core_shopcats.nx
op2   : 08->UNUSED  00000002 00000000  00  00->NULL   00->val 0000
______________________________________________________________________
#0017: 0x49 ZEND_INCLUDE_OR_EVAL   LineNo: 0x0000  Flags: 0x07()
result: 04->VAR     00000228 00000001  00  00->NULL   00->val 0000
op1   : 01->CONST   00000164 00000014  02  03->STRING 01->ref 0000
        KeyWord: common_core_shop.php
op2   : 08->UNUSED  00000002 00000000  00  00->NULL   00->val 0000
______________________________________________________________________
#0018: 0x49 ZEND_INCLUDE_OR_EVAL   LineNo: 0x0000  Flags: 0x07()
result: 04->VAR     00000240 00000001  00  00->NULL   00->val 0000
op1   : 01->CONST   0000017A 00000015  02  03->STRING 01->ref 0000
        KeyWord: common_core_rates.php
op2   : 08->UNUSED  00000002 00000000  00  00->NULL   00->val 0000
______________________________________________________________________
#0019: 0x49 ZEND_INCLUDE_OR_EVAL   LineNo: 0x0000  Flags: 0x07()
result: 04->VAR     00000258 00000001  00  00->NULL   00->val 0000
op1   : 01->CONST   00000190 0000001B  02  03->STRING 01->ref 0000
        KeyWord: common_core_transactions.nx
op2   : 08->UNUSED  00000002 00000000  00  00->NULL   00->val 0000
______________________________________________________________________
#001A: 0x50 ZEND_FETCH_R   LineNo: 0x0000  Flags: 0x07()
result: 04->VAR     00000288 00000000  00  00->NULL   00->val 0000
op1   : 01->CONST   000001AC 00000004  02  03->STRING 01->ref 0000
        KeyWord: data
op2   : 08->UNUSED  00000000 00000001  00  00->NULL   00->val 0000
----------------------------------------------------------------
[1] '$data
______________________________________________________________________
#001B: 0x51 ZEND_FETCH_DIM_R   LineNo: 0x0000  Flags: 0x07()
result: 04->VAR     000002A0 00000000  00  00->NULL   00->val 0000
op1   : 04->VAR     00000288 00000000  00  00->NULL   00->val 0000
op2   : 01->CONST   000001B2 00000006  02  03->STRING 01->ref 0000
        KeyWord: Folder
----------------------------------------------------------------
[1] '$data
______________________________________________________________________
#001C: 0x53 ZEND_FETCH_W   LineNo: 0x0000  Flags: 0x07()
result: 04->VAR     00000270 00000000  00  00->NULL   00->val 0000
op1   : 01->CONST   000001BA 00000008  02  03->STRING 01->ref 0000
        KeyWord: dir_name
op2   : 08->UNUSED  00000000 00000001  00  00->NULL   00->val 0000
----------------------------------------------------------------
[1] '$data
[2] '$dir_name
______________________________________________________________________
#001D: 0x26 ZEND_ASSIGN   LineNo: 0x0000  Flags: 0x07()
result: 04->VAR     000002B8 00000001  00  00->NULL   00->val 0000
op1   : 04->VAR     00000270 00000010  00  00->NULL   00->val 0000
op2   : 04->VAR     000002A0 00000010  00  00->NULL   00->val 0000
----------------------------------------------------------------
[1] '$data
Correcting Stack error...
====================================================================
$data;
______________________________________________________________________
#001E: 0x50 ZEND_FETCH_R   LineNo: 0x0000  Flags: 0x03()
result: 04->VAR     000002D0 00000000  00  00->NULL   00->val 0000
op1   : 01->CONST   FFFFFFF6 00000007  02  03->STRING 01->ref 0000
        KeyWord: _SERVER
----------------------------------------------------------------
[1] '$_SERVER
______________________________________________________________________
#001F: 0x51 ZEND_FETCH_DIM_R   LineNo: 0x0000  Flags: 0x07()
result: 04->VAR     000002E8 00000000  00  00->NULL   00->val 0000
op1   : 04->VAR     000002D0 00000000  00  00->NULL   00->val 0000
op2   : 01->CONST   000001C4 0000000D  02  03->STRING 01->ref 0000
        KeyWord: DOCUMENT_ROOT
----------------------------------------------------------------
[1] '$_SERVER
______________________________________________________________________
#0020: 0x50 ZEND_FETCH_R   LineNo: 0x0000  Flags: 0x07()
result: 04->VAR     00000300 00000000  00  00->NULL   00->val 0000
op1   : 01->CONST   000001D2 00000008  02  03->STRING 01->ref 0000
        KeyWord: dir_name
op2   : 08->UNUSED  00000000 00000001  00  00->NULL   00->val 0000
----------------------------------------------------------------
[1] '$_SERVER
[2] '$dir_name
______________________________________________________________________
#0021: 0x08 ZEND_CONCAT   LineNo: 0x0000  Flags: 0x07()
result: 02->TMP_VAR 00000318 00000000  00  00->NULL   00->val 0000
op1   : 04->VAR     000002E8 00000010  00  00->NULL   00->val 0000
op2   : 04->VAR     00000300 00000010  00  00->NULL   00->val 0000
----------------------------------------------------------------
[1] '$_SERVER
[2] '$dir_name
______________________________________________________________________
#0022: 0x08 ZEND_CONCAT   LineNo: 0x0000  Flags: 0x07()
result: 02->TMP_VAR 00000330 00000000  00  00->NULL   00->val 0000
op1   : 02->TMP_VAR 00000318 00000000  00  00->NULL   00->val 0000
op2   : 01->CONST   000001DC 00000019  02  03->STRING 01->ref 0000
        KeyWord: /functions/send_money.php
----------------------------------------------------------------
[1] '$_SERVER
[2] '$dir_name
______________________________________________________________________
#0023: 0x49 ZEND_INCLUDE_OR_EVAL   LineNo: 0x0000  Flags: 0x07()
result: 04->VAR     00000348 00000001  00  00->NULL   00->val 0000
op1   : 02->TMP_VAR 00000330 00000000  00  00->NULL   00->val 0000
op2   : 08->UNUSED  00000010 00000000  00  00->NULL   00->val 0000
----------------------------------------------------------------
[1] '$_SERVER
[2] '$dir_name
Correcting Stack error...
====================================================================
$dir_name$_SERVER;
______________________________________________________________________
#0024: 0x50 ZEND_FETCH_R   LineNo: 0x0000  Flags: 0x03()
result: 04->VAR     00000360 00000000  00  00->NULL   00->val 0000
op1   : 01->CONST   FFFFFFF6 00000007  02  03->STRING 01->ref 0000
        KeyWord: _SERVER
----------------------------------------------------------------
[1] '$_SERVER
______________________________________________________________________
#0025: 0x51 ZEND_FETCH_DIM_R   LineNo: 0x0000  Flags: 0x07()
result: 04->VAR     00000378 00000000  00  00->NULL   00->val 0000
op1   : 04->VAR     00000360 00000000  00  00->NULL   00->val 0000
op2   : 01->CONST   000001F6 0000000D  02  03->STRING 01->ref 0000
        KeyWord: DOCUMENT_ROOT
----------------------------------------------------------------
[1] '$_SERVER
______________________________________________________________________
#0026: 0x50 ZEND_FETCH_R   LineNo: 0x0000  Flags: 0x07()
result: 04->VAR     00000390 00000000  00  00->NULL   00->val 0000
op1   : 01->CONST   00000204 00000008  02  03->STRING 01->ref 0000
        KeyWord: dir_name
op2   : 08->UNUSED  00000000 00000001  00  00->NULL   00->val 0000
----------------------------------------------------------------
[1] '$_SERVER
[2] '$dir_name
______________________________________________________________________
#0027: 0x08 ZEND_CONCAT   LineNo: 0x0000  Flags: 0x07()
result: 02->TMP_VAR 000003A8 00000000  00  00->NULL   00->val 0000
op1   : 04->VAR     00000378 00000010  00  00->NULL   00->val 0000
op2   : 04->VAR     00000390 00000010  00  00->NULL   00->val 0000
----------------------------------------------------------------
[1] '$_SERVER
[2] '$dir_name
______________________________________________________________________
#0028: 0x08 ZEND_CONCAT   LineNo: 0x0000  Flags: 0x07()
result: 02->TMP_VAR 000003C0 00000000  00  00->NULL   00->val 0000
op1   : 02->TMP_VAR 000003A8 00000000  00  00->NULL   00->val 0000
op2   : 01->CONST   0000020E 00000016  02  03->STRING 01->ref 0000
        KeyWord: /functions/ip_lock.php
----------------------------------------------------------------
[1] '$_SERVER
[2] '$dir_name
______________________________________________________________________
#0029: 0x49 ZEND_INCLUDE_OR_EVAL   LineNo: 0x0000  Flags: 0x07()
result: 04->VAR     000003D8 00000001  00  00->NULL   00->val 0000
op1   : 02->TMP_VAR 000003C0 00000000  00  00->NULL   00->val 0000
op2   : 08->UNUSED  00000010 00000000  00  00->NULL   00->val 0000
----------------------------------------------------------------
[1] '$_SERVER
[2] '$dir_name
Correcting Stack error...
====================================================================
$dir_name$_SERVER;
______________________________________________________________________
#002A: 0x50 ZEND_FETCH_R   LineNo: 0x0000  Flags: 0x03()
result: 04->VAR     000003F0 00000000  00  00->NULL   00->val 0000
op1   : 01->CONST   FFFFFFF6 00000007  02  03->STRING 01->ref 0000
        KeyWord: _SERVER
----------------------------------------------------------------
[1] '$_SERVER
______________________________________________________________________
#002B: 0x51 ZEND_FETCH_DIM_R   LineNo: 0x0000  Flags: 0x07()
result: 04->VAR     00000408 00000000  00  00->NULL   00->val 0000
op1   : 04->VAR     000003F0 00000000  00  00->NULL   00->val 0000
op2   : 01->CONST   00000226 0000000D  02  03->STRING 01->ref 0000
        KeyWord: DOCUMENT_ROOT
----------------------------------------------------------------
[1] '$_SERVER
______________________________________________________________________
#002C: 0x50 ZEND_FETCH_R   LineNo: 0x0000  Flags: 0x07()
result: 04->VAR     00000420 00000000  00  00->NULL   00->val 0000
op1   : 01->CONST   00000234 00000008  02  03->STRING 01->ref 0000
        KeyWord: dir_name
op2   : 08->UNUSED  00000000 00000001  00  00->NULL   00->val 0000
----------------------------------------------------------------
[1] '$_SERVER
[2] '$dir_name
______________________________________________________________________
#002D: 0x08 ZEND_CONCAT   LineNo: 0x0000  Flags: 0x07()
result: 02->TMP_VAR 00000438 00000000  00  00->NULL   00->val 0000
op1   : 04->VAR     00000408 00000010  00  00->NULL   00->val 0000
op2   : 04->VAR     00000420 00000010  00  00->NULL   00->val 0000
----------------------------------------------------------------
[1] '$_SERVER
[2] '$dir_name
______________________________________________________________________
#002E: 0x08 ZEND_CONCAT   LineNo: 0x0000  Flags: 0x07()
result: 02->TMP_VAR 00000450 00000000  00  00->NULL   00->val 0000
op1   : 02->TMP_VAR 00000438 00000000  00  00->NULL   00->val 0000
op2   : 01->CONST   0000023E 0000001D  02  03->STRING 01->ref 0000
        KeyWord: /functions/security_token.php
----------------------------------------------------------------
[1] '$_SERVER
[2] '$dir_name
______________________________________________________________________
#002F: 0x49 ZEND_INCLUDE_OR_EVAL   LineNo: 0x0000  Flags: 0x07()
result: 04->VAR     00000468 00000001  00  00->NULL   00->val 0000
op1   : 02->TMP_VAR 00000450 00000000  00  00->NULL   00->val 0000
op2   : 08->UNUSED  00000010 00000000  00  00->NULL   00->val 0000
----------------------------------------------------------------
[1] '$_SERVER
[2] '$dir_name
Correcting Stack error...
====================================================================
$dir_name$_SERVER;
______________________________________________________________________
#0030: 0x50 ZEND_FETCH_R   LineNo: 0x0000  Flags: 0x03()
result: 04->VAR     00000480 00000000  00  00->NULL   00->val 0000
op1   : 01->CONST   FFFFFFF6 00000007  02  03->STRING 01->ref 0000
        KeyWord: _SERVER
----------------------------------------------------------------
[1] '$_SERVER
______________________________________________________________________
#0031: 0x51 ZEND_FETCH_DIM_R   LineNo: 0x0000  Flags: 0x07()
result: 04->VAR     00000498 00000000  00  00->NULL   00->val 0000
op1   : 04->VAR     00000480 00000000  00  00->NULL   00->val 0000
op2   : 01->CONST   0000025C 0000000D  02  03->STRING 01->ref 0000
        KeyWord: DOCUMENT_ROOT
----------------------------------------------------------------
[1] '$_SERVER
______________________________________________________________________
#0032: 0x50 ZEND_FETCH_R   LineNo: 0x0000  Flags: 0x07()
result: 04->VAR     000004B0 00000000  00  00->NULL   00->val 0000
op1   : 01->CONST   0000026A 00000008  02  03->STRING 01->ref 0000
        KeyWord: dir_name
op2   : 08->UNUSED  00000000 00000001  00  00->NULL   00->val 0000
----------------------------------------------------------------
[1] '$_SERVER
[2] '$dir_name
______________________________________________________________________
#0033: 0x08 ZEND_CONCAT   LineNo: 0x0000  Flags: 0x07()
result: 02->TMP_VAR 000004C8 00000000  00  00->NULL   00->val 0000
op1   : 04->VAR     00000498 00000010  00  00->NULL   00->val 0000
op2   : 04->VAR     000004B0 00000010  00  00->NULL   00->val 0000
----------------------------------------------------------------
[1] '$_SERVER
[2] '$dir_name
______________________________________________________________________
#0034: 0x08 ZEND_CONCAT   LineNo: 0x0000  Flags: 0x07()
result: 02->TMP_VAR 000004E0 00000000  00  00->NULL   00->val 0000
op1   : 02->TMP_VAR 000004C8 00000000  00  00->NULL   00->val 0000
op2   : 01->CONST   00000274 00000017  02  03->STRING 01->ref 0000
        KeyWord: /functions/redirect.php
----------------------------------------------------------------
[1] '$_SERVER
[2] '$dir_name
______________________________________________________________________
#0035: 0x49 ZEND_INCLUDE_OR_EVAL   LineNo: 0x0000  Flags: 0x07()
result: 04->VAR     000004F8 00000001  00  00->NULL   00->val 0000
op1   : 02->TMP_VAR 000004E0 00000000  00  00->NULL   00->val 0000
op2   : 08->UNUSED  00000010 00000000  00  00->NULL   00->val 0000
----------------------------------------------------------------
[1] '$_SERVER
[2] '$dir_name
Correcting Stack error...
====================================================================
$dir_name$_SERVER;
______________________________________________________________________
#0036: 0x50 ZEND_FETCH_R   LineNo: 0x0000  Flags: 0x03()
result: 04->VAR     00000510 00000000  00  00->NULL   00->val 0000
op1   : 01->CONST   FFFFFFF6 00000007  02  03->STRING 01->ref 0000
        KeyWord: _SERVER
----------------------------------------------------------------
[1] '$_SERVER
______________________________________________________________________
#0037: 0x51 ZEND_FETCH_DIM_R   LineNo: 0x0000  Flags: 0x07()
result: 04->VAR     00000528 00000000  00  00->NULL   00->val 0000
op1   : 04->VAR     00000510 00000000  00  00->NULL   00->val 0000
op2   : 01->CONST   0000028C 0000000D  02  03->STRING 01->ref 0000
        KeyWord: DOCUMENT_ROOT
----------------------------------------------------------------
[1] '$_SERVER
______________________________________________________________________
#0038: 0x50 ZEND_FETCH_R   LineNo: 0x0000  Flags: 0x07()
result: 04->VAR     00000540 00000000  00  00->NULL   00->val 0000
op1   : 01->CONST   0000029A 00000008  02  03->STRING 01->ref 0000
        KeyWord: dir_name
op2   : 08->UNUSED  00000000 00000001  00  00->NULL   00->val 0000
----------------------------------------------------------------
[1] '$_SERVER
[2] '$dir_name
______________________________________________________________________
#0039: 0x08 ZEND_CONCAT   LineNo: 0x0000  Flags: 0x07()
result: 02->TMP_VAR 00000558 00000000  00  00->NULL   00->val 0000
op1   : 04->VAR     00000528 00000010  00  00->NULL   00->val 0000
op2   : 04->VAR     00000540 00000010  00  00->NULL   00->val 0000
----------------------------------------------------------------
[1] '$_SERVER
[2] '$dir_name
______________________________________________________________________
#003A: 0x08 ZEND_CONCAT   LineNo: 0x0000  Flags: 0x07()
result: 02->TMP_VAR 00000570 00000000  00  00->NULL   00->val 0000
op1   : 02->TMP_VAR 00000558 00000000  00  00->NULL   00->val 0000
op2   : 01->CONST   000002A4 00000021  02  03->STRING 01->ref 0000
        KeyWord: /functions/subscriptions_func.php
----------------------------------------------------------------
[1] '$_SERVER
[2] '$dir_name
______________________________________________________________________
#003B: 0x49 ZEND_INCLUDE_OR_EVAL   LineNo: 0x0000  Flags: 0x07()
result: 04->VAR     00000588 00000001  00  00->NULL   00->val 0000
op1   : 02->TMP_VAR 00000570 00000000  00  00->NULL   00->val 0000
op2   : 08->UNUSED  00000010 00000000  00  00->NULL   00->val 0000
----------------------------------------------------------------
[1] '$_SERVER
[2] '$dir_name
Correcting Stack error...
====================================================================
$dir_name$_SERVER;
______________________________________________________________________
#003C: 0x50 ZEND_FETCH_R   LineNo: 0x0000  Flags: 0x03()
result: 04->VAR     000005A0 00000000  00  00->NULL   00->val 0000
op1   : 01->CONST   FFFFFFF6 00000007  02  03->STRING 01->ref 0000
        KeyWord: _SERVER
----------------------------------------------------------------
[1] '$_SERVER
______________________________________________________________________
#003D: 0x51 ZEND_FETCH_DIM_R   LineNo: 0x0000  Flags: 0x07()
result: 04->VAR     000005B8 00000000  00  00->NULL   00->val 0000
op1   : 04->VAR     000005A0 00000000  00  00->NULL   00->val 0000
op2   : 01->CONST   000002C6 0000000D  02  03->STRING 01->ref 0000
        KeyWord: DOCUMENT_ROOT
----------------------------------------------------------------
[1] '$_SERVER
______________________________________________________________________
#003E: 0x50 ZEND_FETCH_R   LineNo: 0x0000  Flags: 0x07()
result: 04->VAR     000005D0 00000000  00  00->NULL   00->val 0000
op1   : 01->CONST   000002D4 00000008  02  03->STRING 01->ref 0000
        KeyWord: dir_name
op2   : 08->UNUSED  00000000 00000001  00  00->NULL   00->val 0000
----------------------------------------------------------------
[1] '$_SERVER
[2] '$dir_name
______________________________________________________________________
#003F: 0x08 ZEND_CONCAT   LineNo: 0x0000  Flags: 0x07()
result: 02->TMP_VAR 000005E8 00000000  00  00->NULL   00->val 0000
op1   : 04->VAR     000005B8 00000010  00  00->NULL   00->val 0000
op2   : 04->VAR     000005D0 00000010  00  00->NULL   00->val 0000
----------------------------------------------------------------
[1] '$_SERVER
[2] '$dir_name
______________________________________________________________________
#0040: 0x08 ZEND_CONCAT   LineNo: 0x0000  Flags: 0x07()
result: 02->TMP_VAR 00000600 00000000  00  00->NULL   00->val 0000
op1   : 02->TMP_VAR 000005E8 00000000  00  00->NULL   00->val 0000
op2   : 01->CONST   000002DE 0000000A  02  03->STRING 01->ref 0000
        KeyWord: /chmod.php
----------------------------------------------------------------
[1] '$_SERVER
[2] '$dir_name
______________________________________________________________________
#0041: 0x49 ZEND_INCLUDE_OR_EVAL   LineNo: 0x0000  Flags: 0x07()
result: 04->VAR     00000618 00000001  00  00->NULL   00->val 0000
op1   : 02->TMP_VAR 00000600 00000000  00  00->NULL   00->val 0000
op2   : 08->UNUSED  00000010 00000000  00  00->NULL   00->val 0000
----------------------------------------------------------------
[1] '$_SERVER
[2] '$dir_name
Correcting Stack error...
====================================================================
$dir_name$_SERVER;
______________________________________________________________________
#0042: 0x49 ZEND_INCLUDE_OR_EVAL   LineNo: 0x0000  Flags: 0x07()
result: 04->VAR     00000630 00000001  00  00->NULL   00->val 0000
op1   : 01->CONST   000002EA 00000019  02  03->STRING 01->ref 0000
        KeyWord: common_core_affiliates.nx
op2   : 08->UNUSED  00000010 00000000  00  00->NULL   00->val 0000
______________________________________________________________________
#0043: 0x50 ZEND_FETCH_R   LineNo: 0x0000  Flags: 0x03()
result: 04->VAR     00000648 00000000  00  00->NULL   00->val 0000
op1   : 01->CONST   FFFFFFF6 00000007  02  03->STRING 01->ref 0000
        KeyWord: _SERVER
----------------------------------------------------------------
[1] '$_SERVER
______________________________________________________________________
#0044: 0x51 ZEND_FETCH_DIM_R   LineNo: 0x0000  Flags: 0x07()
result: 04->VAR     00000660 00000000  00  00->NULL   00->val 0000
op1   : 04->VAR     00000648 00000000  00  00->NULL   00->val 0000
op2   : 01->CONST   00000304 0000000D  02  03->STRING 01->ref 0000
        KeyWord: DOCUMENT_ROOT
----------------------------------------------------------------
[1] '$_SERVER
______________________________________________________________________
#0045: 0x50 ZEND_FETCH_R   LineNo: 0x0000  Flags: 0x07()
result: 04->VAR     00000678 00000000  00  00->NULL   00->val 0000
op1   : 01->CONST   00000312 00000008  02  03->STRING 01->ref 0000
        KeyWord: dir_name
op2   : 08->UNUSED  00000000 00000001  00  00->NULL   00->val 0000
----------------------------------------------------------------
[1] '$_SERVER
[2] '$dir_name
______________________________________________________________________
#0046: 0x08 ZEND_CONCAT   LineNo: 0x0000  Flags: 0x07()
result: 02->TMP_VAR 00000690 00000000  00  00->NULL   00->val 0000
op1   : 04->VAR     00000660 00000010  00  00->NULL   00->val 0000
op2   : 04->VAR     00000678 00000010  00  00->NULL   00->val 0000
----------------------------------------------------------------
[1] '$_SERVER
[2] '$dir_name
______________________________________________________________________
#0047: 0x08 ZEND_CONCAT   LineNo: 0x0000  Flags: 0x07()
result: 02->TMP_VAR 000006A8 00000000  00  00->NULL   00->val 0000
op1   : 02->TMP_VAR 00000690 00000000  00  00->NULL   00->val 0000
op2   : 01->CONST   0000031C 0000001C  02  03->STRING 01->ref 0000
        KeyWord: /functions/get_referrals.php
----------------------------------------------------------------
[1] '$_SERVER
[2] '$dir_name
______________________________________________________________________
#0048: 0x49 ZEND_INCLUDE_OR_EVAL   LineNo: 0x0000  Flags: 0x07()
result: 04->VAR     000006C0 00000001  00  00->NULL   00->val 0000
op1   : 02->TMP_VAR 000006A8 00000000  00  00->NULL   00->val 0000
op2   : 08->UNUSED  00000010 00000000  00  00->NULL   00->val 0000
----------------------------------------------------------------
[1] '$_SERVER
[2] '$dir_name
Correcting Stack error...
====================================================================
$dir_name$_SERVER;
______________________________________________________________________
#0049: 0x50 ZEND_FETCH_R   LineNo: 0x0000  Flags: 0x03()
result: 04->VAR     000006D8 00000000  00  00->NULL   00->val 0000
op1   : 01->CONST   FFFFFFF6 00000007  02  03->STRING 01->ref 0000
        KeyWord: _SERVER
----------------------------------------------------------------
[1] '$_SERVER
______________________________________________________________________
#004A: 0x51 ZEND_FETCH_DIM_R   LineNo: 0x0000  Flags: 0x07()
result: 04->VAR     000006F0 00000000  00  00->NULL   00->val 0000
op1   : 04->VAR     000006D8 00000000  00  00->NULL   00->val 0000
op2   : 01->CONST   0000033A 0000000D  02  03->STRING 01->ref 0000
        KeyWord: DOCUMENT_ROOT
----------------------------------------------------------------
[1] '$_SERVER
______________________________________________________________________
#004B: 0x50 ZEND_FETCH_R   LineNo: 0x0000  Flags: 0x07()
result: 04->VAR     00000708 00000000  00  00->NULL   00->val 0000
op1   : 01->CONST   00000348 00000008  02  03->STRING 01->ref 0000
        KeyWord: dir_name
op2   : 08->UNUSED  00000000 00000001  00  00->NULL   00->val 0000
----------------------------------------------------------------
[1] '$_SERVER
[2] '$dir_name
______________________________________________________________________
#004C: 0x08 ZEND_CONCAT   LineNo: 0x0000  Flags: 0x07()
result: 02->TMP_VAR 00000720 00000000  00  00->NULL   00->val 0000
op1   : 04->VAR     000006F0 00000010  00  00->NULL   00->val 0000
op2   : 04->VAR     00000708 00000010  00  00->NULL   00->val 0000
----------------------------------------------------------------
[1] '$_SERVER
[2] '$dir_name
______________________________________________________________________
#004D: 0x08 ZEND_CONCAT   LineNo: 0x0000  Flags: 0x07()
result: 02->TMP_VAR 00000738 00000000  00  00->NULL   00->val 0000
op1   : 02->TMP_VAR 00000720 00000000  00  00->NULL   00->val 0000
op2   : 01->CONST   00000352 00000022  02  03->STRING 01->ref 0000
        KeyWord: /functions/select_sponsor_hash.php
----------------------------------------------------------------
[1] '$_SERVER
[2] '$dir_name
______________________________________________________________________
#004E: 0x49 ZEND_INCLUDE_OR_EVAL   LineNo: 0x0000  Flags: 0x07()
result: 04->VAR     00000750 00000001  00  00->NULL   00->val 0000
op1   : 02->TMP_VAR 00000738 00000000  00  00->NULL   00->val 0000
op2   : 08->UNUSED  00000010 00000000  00  00->NULL   00->val 0000
----------------------------------------------------------------
[1] '$_SERVER
[2] '$dir_name
Correcting Stack error...
====================================================================
$dir_name$_SERVER;
______________________________________________________________________
#004F: 0x50 ZEND_FETCH_R   LineNo: 0x0000  Flags: 0x03()
result: 04->VAR     00000768 00000000  00  00->NULL   00->val 0000
op1   : 01->CONST   FFFFFFF6 00000007  02  03->STRING 01->ref 0000
        KeyWord: _SERVER
----------------------------------------------------------------
[1] '$_SERVER
______________________________________________________________________
#0050: 0x51 ZEND_FETCH_DIM_R   LineNo: 0x0000  Flags: 0x07()
result: 04->VAR     00000780 00000000  00  00->NULL   00->val 0000
op1   : 04->VAR     00000768 00000000  00  00->NULL   00->val 0000
op2   : 01->CONST   00000376 0000000D  02  03->STRING 01->ref 0000
        KeyWord: DOCUMENT_ROOT
----------------------------------------------------------------
[1] '$_SERVER
______________________________________________________________________
#0051: 0x50 ZEND_FETCH_R   LineNo: 0x0000  Flags: 0x07()
result: 04->VAR     00000798 00000000  00  00->NULL   00->val 0000
op1   : 01->CONST   00000384 00000008  02  03->STRING 01->ref 0000
        KeyWord: dir_name
op2   : 08->UNUSED  00000000 00000001  00  00->NULL   00->val 0000
----------------------------------------------------------------
[1] '$_SERVER
[2] '$dir_name
______________________________________________________________________
#0052: 0x08 ZEND_CONCAT   LineNo: 0x0000  Flags: 0x07()
result: 02->TMP_VAR 000007B0 00000000  00  00->NULL   00->val 0000
op1   : 04->VAR     00000780 00000010  00  00->NULL   00->val 0000
op2   : 04->VAR     00000798 00000010  00  00->NULL   00->val 0000
----------------------------------------------------------------
[1] '$_SERVER
[2] '$dir_name
______________________________________________________________________
#0053: 0x08 ZEND_CONCAT   LineNo: 0x0000  Flags: 0x07()
result: 02->TMP_VAR 000007C8 00000000  00  00->NULL   00->val 0000
op1   : 02->TMP_VAR 000007B0 00000000  00  00->NULL   00->val 0000
op2   : 01->CONST   0000038E 00000024  02  03->STRING 01->ref 0000
        KeyWord: /functions/aes_encrypt_functions.php
----------------------------------------------------------------
[1] '$_SERVER
[2] '$dir_name
______________________________________________________________________
#0054: 0x49 ZEND_INCLUDE_OR_EVAL   LineNo: 0x0000  Flags: 0x07()
result: 04->VAR     000007E0 00000001  00  00->NULL   00->val 0000
op1   : 02->TMP_VAR 000007C8 00000000  00  00->NULL   00->val 0000
op2   : 08->UNUSED  00000010 00000000  00  00->NULL   00->val 0000
----------------------------------------------------------------
[1] '$_SERVER
[2] '$dir_name
Correcting Stack error...
====================================================================
$dir_name$_SERVER;
______________________________________________________________________
#0055: 0x50 ZEND_FETCH_R   LineNo: 0x0000  Flags: 0x03()
result: 04->VAR     000007F8 00000000  00  00->NULL   00->val 0000
op1   : 01->CONST   FFFFFFF6 00000007  02  03->STRING 01->ref 0000
        KeyWord: _SERVER
----------------------------------------------------------------
[1] '$_SERVER
______________________________________________________________________
#0056: 0x51 ZEND_FETCH_DIM_R   LineNo: 0x0000  Flags: 0x07()
result: 04->VAR     00000810 00000000  00  00->NULL   00->val 0000
op1   : 04->VAR     000007F8 00000000  00  00->NULL   00->val 0000
op2   : 01->CONST   000003B4 0000000D  02  03->STRING 01->ref 0000
        KeyWord: DOCUMENT_ROOT
----------------------------------------------------------------
[1] '$_SERVER
______________________________________________________________________
#0057: 0x50 ZEND_FETCH_R   LineNo: 0x0000  Flags: 0x07()
result: 04->VAR     00000828 00000000  00  00->NULL   00->val 0000
op1   : 01->CONST   000003C2 00000008  02  03->STRING 01->ref 0000
        KeyWord: dir_name
op2   : 08->UNUSED  00000000 00000001  00  00->NULL   00->val 0000
----------------------------------------------------------------
[1] '$_SERVER
[2] '$dir_name
______________________________________________________________________
#0058: 0x08 ZEND_CONCAT   LineNo: 0x0000  Flags: 0x07()
result: 02->TMP_VAR 00000840 00000000  00  00->NULL   00->val 0000
op1   : 04->VAR     00000810 00000010  00  00->NULL   00->val 0000
op2   : 04->VAR     00000828 00000010  00  00->NULL   00->val 0000
----------------------------------------------------------------
[1] '$_SERVER
[2] '$dir_name
______________________________________________________________________
#0059: 0x08 ZEND_CONCAT   LineNo: 0x0000  Flags: 0x07()
result: 02->TMP_VAR 00000858 00000000  00  00->NULL   00->val 0000
op1   : 02->TMP_VAR 00000840 00000000  00  00->NULL   00->val 0000
op2   : 01->CONST   000003CC 0000001B  02  03->STRING 01->ref 0000
        KeyWord: /classes/crypt/cr_class.php
----------------------------------------------------------------
[1] '$_SERVER
[2] '$dir_name
______________________________________________________________________
#005A: 0x49 ZEND_INCLUDE_OR_EVAL   LineNo: 0x0000  Flags: 0x07()
result: 04->VAR     00000870 00000001  00  00->NULL   00->val 0000
op1   : 02->TMP_VAR 00000858 00000000  00  00->NULL   00->val 0000
op2   : 08->UNUSED  00000010 00000000  00  00->NULL   00->val 0000
----------------------------------------------------------------
[1] '$_SERVER
[2] '$dir_name
Correcting Stack error...
====================================================================
$dir_name$_SERVER;
______________________________________________________________________
#005B: 0x49 ZEND_INCLUDE_OR_EVAL   LineNo: 0x0000  Flags: 0x07()
result: 04->VAR     00000888 00000001  00  00->NULL   00->val 0000
op1   : 01->CONST   000003E8 00000022  02  03->STRING 01->ref 0000
        KeyWord: common_core_transactions_unreg.php
op2   : 08->UNUSED  00000010 00000000  00  00->NULL   00->val 0000
______________________________________________________________________
#005C: 0x50 ZEND_FETCH_R   LineNo: 0x0000  Flags: 0x03()
result: 04->VAR     000008A0 00000000  00  00->NULL   00->val 0000
op1   : 01->CONST   FFFFFFF6 00000007  02  03->STRING 01->ref 0000
        KeyWord: _SERVER
----------------------------------------------------------------
[1] '$_SERVER
______________________________________________________________________
#005D: 0x51 ZEND_FETCH_DIM_R   LineNo: 0x0000  Flags: 0x07()
result: 04->VAR     000008B8 00000000  00  00->NULL   00->val 0000
op1   : 04->VAR     000008A0 00000000  00  00->NULL   00->val 0000
op2   : 01->CONST   0000040C 0000000D  02  03->STRING 01->ref 0000
        KeyWord: DOCUMENT_ROOT
----------------------------------------------------------------
[1] '$_SERVER
______________________________________________________________________
#005E: 0x50 ZEND_FETCH_R   LineNo: 0x0000  Flags: 0x07()
result: 04->VAR     000008D0 00000000  00  00->NULL   00->val 0000
op1   : 01->CONST   0000041A 00000008  02  03->STRING 01->ref 0000
        KeyWord: dir_name
op2   : 08->UNUSED  00000000 00000001  00  00->NULL   00->val 0000
----------------------------------------------------------------
[1] '$_SERVER
[2] '$dir_name
______________________________________________________________________
#005F: 0x08 ZEND_CONCAT   LineNo: 0x0000  Flags: 0x07()
result: 02->TMP_VAR 000008E8 00000000  00  00->NULL   00->val 0000
op1   : 04->VAR     000008B8 00000010  00  00->NULL   00->val 0000
op2   : 04->VAR     000008D0 00000010  00  00->NULL   00->val 0000
----------------------------------------------------------------
[1] '$_SERVER
[2] '$dir_name
______________________________________________________________________
#0060: 0x08 ZEND_CONCAT   LineNo: 0x0000  Flags: 0x07()
result: 02->TMP_VAR 00000900 00000000  00  00->NULL   00->val 0000
op1   : 02->TMP_VAR 000008E8 00000000  00  00->NULL   00->val 0000
op2   : 01->CONST   00000424 00000033  02  03->STRING 01->ref 0000
        KeyWord: /classes/sanitize_input/class.inputfilter_clean.php
----------------------------------------------------------------
[1] '$_SERVER
[2] '$dir_name
______________________________________________________________________
#0061: 0x49 ZEND_INCLUDE_OR_EVAL   LineNo: 0x0000  Flags: 0x07()
result: 04->VAR     00000918 00000001  00  00->NULL   00->val 0000
op1   : 02->TMP_VAR 00000900 00000000  00  00->NULL   00->val 0000
op2   : 08->UNUSED  00000010 00000000  00  00->NULL   00->val 0000
----------------------------------------------------------------
[1] '$_SERVER
[2] '$dir_name
Correcting Stack error...
====================================================================
$dir_name$_SERVER;
______________________________________________________________________
#0062: 0x49 ZEND_INCLUDE_OR_EVAL   LineNo: 0x0000  Flags: 0x07()
result: 04->VAR     00000930 00000001  00  00->NULL   00->val 0000
op1   : 01->CONST   00000458 00000011  02  03->STRING 01->ref 0000
        KeyWord: config_filter.php
op2   : 08->UNUSED  00000010 00000000  00  00->NULL   00->val 0000
______________________________________________________________________
#0063: 0x50 ZEND_FETCH_R   LineNo: 0x0000  Flags: 0x03()
result: 04->VAR     00000948 00000000  00  00->NULL   00->val 0000
op1   : 01->CONST   FFFFFFF6 00000007  02  03->STRING 01->ref 0000
        KeyWord: _SERVER
----------------------------------------------------------------
[1] '$_SERVER
______________________________________________________________________
#0064: 0x51 ZEND_FETCH_DIM_R   LineNo: 0x0000  Flags: 0x07()
result: 04->VAR     00000960 00000000  00  00->NULL   00->val 0000
op1   : 04->VAR     00000948 00000000  00  00->NULL   00->val 0000
op2   : 01->CONST   0000046A 0000000D  02  03->STRING 01->ref 0000
        KeyWord: DOCUMENT_ROOT
----------------------------------------------------------------
[1] '$_SERVER
______________________________________________________________________
#0065: 0x50 ZEND_FETCH_R   LineNo: 0x0000  Flags: 0x07()
result: 04->VAR     00000978 00000000  00  00->NULL   00->val 0000
op1   : 01->CONST   00000478 00000004  02  03->STRING 01->ref 0000
        KeyWord: data
op2   : 08->UNUSED  00000000 00000001  00  00->NULL   00->val 0000
----------------------------------------------------------------
[1] '$_SERVER
[2] '$data
______________________________________________________________________
#0066: 0x51 ZEND_FETCH_DIM_R   LineNo: 0x0000  Flags: 0x07()
result: 04->VAR     00000990 00000000  00  00->NULL   00->val 0000
op1   : 04->VAR     00000978 00000000  00  00->NULL   00->val 0000
op2   : 01->CONST   0000047E 00000006  02  03->STRING 01->ref 0000
        KeyWord: Folder
----------------------------------------------------------------
[1] '$_SERVER
[2] '$data
______________________________________________________________________
#0067: 0x08 ZEND_CONCAT   LineNo: 0x0000  Flags: 0x07()
result: 02->TMP_VAR 000009A8 00000000  00  00->NULL   00->val 0000
op1   : 04->VAR     00000960 00000010  00  00->NULL   00->val 0000
op2   : 04->VAR     00000990 00000010  00  00->NULL   00->val 0000
----------------------------------------------------------------
[1] '$_SERVER
[2] '$data
______________________________________________________________________
#0068: 0x08 ZEND_CONCAT   LineNo: 0x0000  Flags: 0x07()
result: 02->TMP_VAR 000009C0 00000000  00  00->NULL   00->val 0000
op1   : 02->TMP_VAR 000009A8 00000000  00  00->NULL   00->val 0000
op2   : 01->CONST   00000486 00000001  02  03->STRING 01->ref 0000
        KeyWord: /
----------------------------------------------------------------
[1] '$_SERVER
[2] '$data
______________________________________________________________________
#0069: 0x08 ZEND_CONCAT   LineNo: 0x0000  Flags: 0x07()
result: 02->TMP_VAR 000009D8 00000000  00  00->NULL   00->val 0000
op1   : 02->TMP_VAR 000009C0 00000000  00  00->NULL   00->val 0000
op2   : 01->CONST   00000488 0000000C  02  03->STRING 01->ref 0000
        KeyWord: admins_th543
----------------------------------------------------------------
[1] '$_SERVER
[2] '$data
______________________________________________________________________
#006A: 0x08 ZEND_CONCAT   LineNo: 0x0000  Flags: 0x07()
result: 02->TMP_VAR 000009F0 00000000  00  00->NULL   00->val 0000
op1   : 02->TMP_VAR 000009D8 00000000  00  00->NULL   00->val 0000
op2   : 01->CONST   00000496 0000001D  02  03->STRING 01->ref 0000
        KeyWord: /functions/administration.php
----------------------------------------------------------------
[1] '$_SERVER
[2] '$data
______________________________________________________________________
#006B: 0x49 ZEND_INCLUDE_OR_EVAL   LineNo: 0x0000  Flags: 0x07()
result: 04->VAR     00000A08 00000001  00  00->NULL   00->val 0000
op1   : 02->TMP_VAR 000009F0 00000000  00  00->NULL   00->val 0000
op2   : 08->UNUSED  00000010 00000000  00  00->NULL   00->val 0000
----------------------------------------------------------------
[1] '$_SERVER
[2] '$data
Correcting Stack error...
====================================================================
$data$_SERVER;
______________________________________________________________________
#006C: 0x49 ZEND_INCLUDE_OR_EVAL   LineNo: 0x0000  Flags: 0x07()
result: 04->VAR     00000A20 00000001  00  00->NULL   00->val 0000
op1   : 01->CONST   000004B4 0000000C  02  03->STRING 01->ref 0000
        KeyWord: common_db.nx
op2   : 08->UNUSED  00000002 00000000  00  00->NULL   00->val 0000
______________________________________________________________________
#006D: 0x49 ZEND_INCLUDE_OR_EVAL   LineNo: 0x0000  Flags: 0x07()
result: 04->VAR     00000A38 00000001  00  00->NULL   00->val 0000
op1   : 01->CONST   000004C2 0000000E  02  03->STRING 01->ref 0000
        KeyWord: common_depr.nx
op2   : 08->UNUSED  00000002 00000000  00  00->NULL   00->val 0000
______________________________________________________________________
#006E: 0x49 ZEND_INCLUDE_OR_EVAL   LineNo: 0x0000  Flags: 0x07()
result: 04->VAR     00000A50 00000001  00  00->NULL   00->val 0000
op1   : 01->CONST   000004D2 0000000E  02  03->STRING 01->ref 0000
        KeyWord: common_html.nx
op2   : 08->UNUSED  00000002 00000000  00  00->NULL   00->val 0000
______________________________________________________________________
#006F: 0x49 ZEND_INCLUDE_OR_EVAL   LineNo: 0x0000  Flags: 0x07()
result: 04->VAR     00000A68 00000001  00  00->NULL   00->val 0000
op1   : 01->CONST   000004E2 0000000E  02  03->STRING 01->ref 0000
        KeyWord: common_http.nx
op2   : 08->UNUSED  00000002 00000000  00  00->NULL   00->val 0000
______________________________________________________________________
#0070: 0x49 ZEND_INCLUDE_OR_EVAL   LineNo: 0x0000  Flags: 0x07()
result: 04->VAR     00000A80 00000001  00  00->NULL   00->val 0000
op1   : 01->CONST   000004F2 0000000E  02  03->STRING 01->ref 0000
        KeyWord: common_init.nx
op2   : 08->UNUSED  00000002 00000000  00  00->NULL   00->val 0000
______________________________________________________________________
#0071: 0x49 ZEND_INCLUDE_OR_EVAL   LineNo: 0x0000  Flags: 0x07()
result: 04->VAR     00000A98 00000001  00  00->NULL   00->val 0000
op1   : 01->CONST   00000502 0000000E  02  03->STRING 01->ref 0000
        KeyWord: common_ipad.nx
op2   : 08->UNUSED  00000002 00000000  00  00->NULL   00->val 0000
______________________________________________________________________
#0072: 0x49 ZEND_INCLUDE_OR_EVAL   LineNo: 0x0000  Flags: 0x07()
result: 04->VAR     00000AB0 00000001  00  00->NULL   00->val 0000
op1   : 01->CONST   00000512 0000000E  02  03->STRING 01->ref 0000
        KeyWord: common_mail.nx
op2   : 08->UNUSED  00000002 00000000  00  00->NULL   00->val 0000
______________________________________________________________________
#0073: 0x49 ZEND_INCLUDE_OR_EVAL   LineNo: 0x0000  Flags: 0x07()
result: 04->VAR     00000AC8 00000001  00  00->NULL   00->val 0000
op1   : 01->CONST   00000522 00000015  02  03->STRING 01->ref 0000
        KeyWord: common_mail_thomas.nx
op2   : 08->UNUSED  00000010 00000000  00  00->NULL   00->val 0000
______________________________________________________________________
#0074: 0x49 ZEND_INCLUDE_OR_EVAL   LineNo: 0x0000  Flags: 0x07()
result: 04->VAR     00000AE0 00000001  00  00->NULL   00->val 0000
op1   : 01->CONST   00000538 0000000E  02  03->STRING 01->ref 0000
        KeyWord: common_msgs.nx
op2   : 08->UNUSED  00000002 00000000  00  00->NULL   00->val 0000
______________________________________________________________________
#0075: 0x49 ZEND_INCLUDE_OR_EVAL   LineNo: 0x0000  Flags: 0x07()
result: 04->VAR     00000AF8 00000001  00  00->NULL   00->val 0000
op1   : 01->CONST   00000548 0000000E  02  03->STRING 01->ref 0000
        KeyWord: common_tnum.nx
op2   : 08->UNUSED  00000002 00000000  00  00->NULL   00->val 0000
______________________________________________________________________
#0076: 0x49 ZEND_INCLUDE_OR_EVAL   LineNo: 0x0000  Flags: 0x07()
result: 04->VAR     00000B10 00000001  00  00->NULL   00->val 0000
op1   : 01->CONST   00000558 0000000E  02  03->STRING 01->ref 0000
        KeyWord: common_util.nx
op2   : 08->UNUSED  00000002 00000000  00  00->NULL   00->val 0000
______________________________________________________________________
#0077: 0x3B ZEND_INIT_FCALL_BY_NAME   LineNo: 0x0000  Flags: 0x04()
op2   : 01->CONST   00000568 0000000B  02  03->STRING 01->ref 0000
        KeyWord: script_init
----------------------------------------------------------------
[1] 'script_init
______________________________________________________________________
#0078: 0x3D ZEND_DO_FCALL_BY_NAME   LineNo: 0x0000  Flags: 0x01()
result: 04->VAR     00000B28 00000001  00  00->NULL   00->val 0000
====================================================================
script_init();
______________________________________________________________________
#0079: 0x3E ZEND_RETURN   LineNo: 0x0000  Flags: 0x02()
op1   : 01->CONST   00000001 00000038  02  01->LONG   01->ref 0012
====================================================================
Return (1);
______________________________________________________________________
#007A: 0x95 ZEND_HANDLE_EXCEPTION   LineNo: 0x0000  Flags: 0x00()
______________________________________________________________________
FunctionsCount: 0001
----------------- Function #1

=========> S t a g e  8  -  Read function body data

Reading Body
00002206 -> 0000001A
S2[Fixed Size 0x70]:
0000227F ->  00000002
 Skipped3 ->  00000002
 FuncNameStart ->  00000000 00000000
 CmdData ->  00000000
 Args ->  00000000
 ArgsMin ->  00000000
 php4Extra ->  01F132B8 00420000 01D0D118 01F76228 00000011 00000011
 Skipped1 ->  00000008 00000000 00000000
 PHPFileNamePtr ->  FFFFFFFF
 Php5-O1  00000000
 Php5-O1Count  00000000 00000000 00000000 00000000 01F00001 01F00100 00000018 0000001C 00000000 00000000
 
0000227E -> FunctionName:  function my_dir
 
00002287 -> 00000011<-CmdCount
byteCmds[Elementsize=0x2] Elements: 00000015
Command
-------
04F5
1E72
003D
0448
0B43
0F78
1ECB
003D
09F4
0639
193F
0002
072F
0737
04BF
0F1E
1EFE
003D
098E
0A20
0095
CmdParams[Elementsize=0x14] Elements: 0000001D
Type      Op1       Op2       Flags5    Flags
---------------------------------------------
00000001   FFFFFF8A   00000007   00000002   00000103
00000001   0000000A   00000001   00000002   00000103
00000008   00000001   00000000   00000000   00000000
00000001   FFFFFF9A   00000007   00000002   00000103
00000004   00000018   00000000   00000000   00000000
00000001   FFFFFFF6   00000007   00000002   00000103
00000004   00000030   00000000   00000000   00000000
00000004   00000018   00000000   00000000   00000000
00000001   0000000C   00000008   00000002   00000103
00000004   00000030   00000010   00000000   00000000
00000008   00000001   00000000   00000000   00000000
00000004   00000048   00000000   00000000   00000000
00000004   00000048   00000008   00000000   00000000
00000008   00000002   00000000   00000000   00000000
00000004   00000060   00000000   00000000   00000000
00000004   00000000   00000000   00000000   00000000
00000001   00000016   00000005   00000002   00000103
00000008   00000000   00000001   00000000   00000000
00000004   00000078   00000001   00000000   00000000
00000004   00000000   00000010   00000000   00000000
00000004   00000060   00000008   00000000   00000000
00000001   FFFFFF95   00000003   00000002   00000103
00000004   00000090   00000000   00000000   00000000
00000001   0000001C   00000005   00000002   00000103
00000008   00000000   00000001   00000000   00000000
00000004   00000090   00000010   00000000   00000000
00000008   00000001   00000000   00000000   00000000
00000004   000000A8   00000000   00000000   00000000
00000004   000000A8   00000008   00000000   00000000
StringData [00000022]
00002523 -> C0 DE 6D 79 5F 64 69 72 00 00 2F 00 50 48 50 5F 53 45 4C 46 00 00 61 72 66 64 6E 00 61 72 66 64 6E 00 
ÀÞmy_dir../.PHP_SELF..arfdn.arfdn.
Length of unprocessed data: 00000002

=========> S t a g e  9  -  Interpreting IC_body/ByteCode

#0000: 0x3B ZEND_INIT_FCALL_BY_NAME   LineNo: 0x0000  Flags: 0x04()
op2   : 01->CONST   FFFFFF8A 00000007  02  03->STRING 01->ref 0000
        KeyWord: explode
----------------------------------------------------------------
[1] 'explode
====================================================================
 function my_dir(){
______________________________________________________________________
#0001: 0x41 ZEND_SEND_VAL   LineNo: 0x0000  Flags: 0x1E()
op1   : 01->CONST   0000000A 00000001  02  03->STRING 01->ref 0000
        KeyWord: /
op2   : 08->UNUSED  00000001 00000000  00  00->NULL   00->val 0000
        extended_value(from File): 003D
----------------------------------------------------------------
[1] 'explode
....................................................................
Comment: Arg[1] = "/"
______________________________________________________________________
#0002: 0x3B ZEND_INIT_FCALL_BY_NAME   LineNo: 0x0000  Flags: 0x04()
op2   : 01->CONST   FFFFFF9A 00000007  02  03->STRING 01->ref 0000
        KeyWord: dirname
----------------------------------------------------------------
[1] 'explode
[2] 'dirname
______________________________________________________________________
#0003: 0x5C ZEND_FETCH_FUNC_ARG   LineNo: 0x0000  Flags: 0x0B()
result: 04->VAR     00000018 00000000  00  00->NULL   00->val 0000
op1   : 01->CONST   FFFFFFF6 00000007  02  03->STRING 01->ref 0000
        KeyWord: _SERVER
        extended_value(from Flag): 0001
----------------------------------------------------------------
[1] 'explode
[2] 'dirname
[3] '$_SERVER
______________________________________________________________________
#0004: 0x5D ZEND_FETCH_DIM_FUNC_ARG   LineNo: 0x0000  Flags: 0x0F()
result: 04->VAR     00000030 00000000  00  00->NULL   00->val 0000
op1   : 04->VAR     00000018 00000000  00  00->NULL   00->val 0000
op2   : 01->CONST   0000000C 00000008  02  03->STRING 01->ref 0000
        KeyWord: PHP_SELF
        extended_value(from Flag): 0001
----------------------------------------------------------------
[1] 'explode
[2] 'dirname
[3] '$_SERVER
______________________________________________________________________
#0005: 0x42 ZEND_SEND_VAR   LineNo: 0x0000  Flags: 0x1E()
op1   : 04->VAR     00000030 00000010  00  00->NULL   00->val 0000
op2   : 08->UNUSED  00000001 00000000  00  00->NULL   00->val 0000
        extended_value(from File): 003D
----------------------------------------------------------------
[1] 'explode
[2] 'dirname
[3] '$_SERVER
....................................................................
Comment: SHOULD_BE_SENT_BY_REF
______________________________________________________________________
#0006: 0x3D ZEND_DO_FCALL_BY_NAME   LineNo: 0x0000  Flags: 0x09()
result: 04->VAR     00000048 00000000  00  00->NULL   00->val 0000
        extended_value(from Flag): 0001
----------------------------------------------------------------
[1] 'explode
[2] 'dirname
[3] '$_SERVER("/")
______________________________________________________________________
#0007: 0x6A ZEND_SEND_VAR_NO_REF   LineNo: 0x0000  Flags: 0x06()
op1   : 04->VAR     00000048 00000008  00  00->NULL   00->val 0000
op2   : 08->UNUSED  00000002 00000000  00  00->NULL   00->val 0000
----------------------------------------------------------------
[1] 'explode
[2] 'dirname
[3] '$_SERVER("/")
______________________________________________________________________
#0008: 0x3D ZEND_DO_FCALL_BY_NAME   LineNo: 0x0000  Flags: 0x19()
result: 04->VAR     00000060 00000000  00  00->NULL   00->val 0000
        extended_value(from File): 0002
----------------------------------------------------------------
[1] 'explode
[2] 'dirname
[3] '$_SERVER("/")()
______________________________________________________________________
#0009: 0x53 ZEND_FETCH_W   LineNo: 0x0000  Flags: 0x07()
result: 04->VAR     00000000 00000000  00  00->NULL   00->val 0000
op1   : 01->CONST   00000016 00000005  02  03->STRING 01->ref 0000
        KeyWord: arfdn
op2   : 08->UNUSED  00000000 00000001  00  00->NULL   00->val 0000
----------------------------------------------------------------
[1] 'explode
[2] 'dirname
[3] '$_SERVER("/")()
[4] '$arfdn
______________________________________________________________________
#000A: 0x26 ZEND_ASSIGN   LineNo: 0x0000  Flags: 0x07()
result: 04->VAR     00000078 00000001  00  00->NULL   00->val 0000
op1   : 04->VAR     00000000 00000010  00  00->NULL   00->val 0000
op2   : 04->VAR     00000060 00000008  00  00->NULL   00->val 0000
----------------------------------------------------------------
[1] 'explode
[2] 'dirname
Correcting Stack error...
====================================================================
$arfdn=$_SERVER("/")()dirnameexplode;
______________________________________________________________________
#000B: 0x3B ZEND_INIT_FCALL_BY_NAME   LineNo: 0x0000  Flags: 0x04()
op2   : 01->CONST   FFFFFF95 00000003  02  03->STRING 01->ref 0000
        KeyWord: end
----------------------------------------------------------------
[1] 'end
______________________________________________________________________
#000C: 0x5C ZEND_FETCH_FUNC_ARG   LineNo: 0x0000  Flags: 0x0F()
result: 04->VAR     00000090 00000000  00  00->NULL   00->val 0000
op1   : 01->CONST   0000001C 00000005  02  03->STRING 01->ref 0000
        KeyWord: arfdn
op2   : 08->UNUSED  00000000 00000001  00  00->NULL   00->val 0000
        extended_value(from Flag): 0001
----------------------------------------------------------------
[1] 'end
[2] '$arfdn
______________________________________________________________________
#000D: 0x42 ZEND_SEND_VAR   LineNo: 0x0000  Flags: 0x1E()
op1   : 04->VAR     00000090 00000010  00  00->NULL   00->val 0000
op2   : 08->UNUSED  00000001 00000000  00  00->NULL   00->val 0000
        extended_value(from File): 003D
----------------------------------------------------------------
[1] 'end
....................................................................
Comment: SHOULD_BE_SENT_BY_REF
______________________________________________________________________
#000E: 0x3D ZEND_DO_FCALL_BY_NAME   LineNo: 0x0000  Flags: 0x09()
result: 04->VAR     000000A8 00000000  00  00->NULL   00->val 0000
        extended_value(from Flag): 0001
----------------------------------------------------------------
[1] 'end($arfdn)
______________________________________________________________________
#000F: 0x3E ZEND_RETURN   LineNo: 0x0000  Flags: 0x0A()
op1   : 04->VAR     000000A8 00000008  00  00->NULL   00->val 0000
        extended_value(from Flag): 0001
====================================================================
Return (end($arfdn));
______________________________________________________________________
#0010: 0x95 ZEND_HANDLE_EXCEPTION   LineNo: 0x0000  Flags: 0x00()
______________________________________________________________________
Classes: 0000
File sucessfully processes!

